# JRE version: Java(TM) SE Runtime Environment (17.0.10+11) (build 17.0.10+11-LTS-240)
# Java VM: Java HotSpot(TM) 64-Bit Server VM (17.0.10+11-LTS-240, mixed mode, sharing, tiered, compressed oops, compressed class ptrs, g1 gc, windows-amd64)
GC Precious Log:
 CPUs: 12 total, 12 available
 Memory: 16225M
 Large Page Support: Disabled
 NUMA Support: Disabled
 Compressed Oops: Enabled (32-bit)
 Heap Region Size: 1M
 Heap Min Capacity: 256M
 Heap Initial Capacity: 256M
 Heap Max Capacity: 512M
 Pre-touch: Disabled
 Parallel Workers: 10
 Concurrent Workers: 3
 Concurrent Refinement Workers: 10
 Periodic GC: Disabled
Heap:
 garbage-first heap   total 262144K, used 106777K [0x00000000e0000000, 0x0000000100000000)
  region size 1024K, 94 young (96256K), 13 survivors (13312K)
 Metaspace       used 31822K, committed 32192K, reserved 393216K
  class space    used 4583K, committed 4736K, reserved 327680K
GC Heap History (8 events):
Event: 3.814 GC heap before
{Heap before GC invocations=0 (full 0):
 garbage-first heap   total 262144K, used 23552K [0x00000000e0000000, 0x0000000100000000)
  region size 1024K, 23 young (23552K), 0 survivors (0K)
 Metaspace       used 826K, committed 896K, reserved 393216K
  class space    used 65K, committed 128K, reserved 327680K
}
Event: 6.184 GC heap after
{Heap after GC invocations=1 (full 0):
 garbage-first heap   total 262144K, used 1565K [0x00000000e0000000, 0x0000000100000000)
  region size 1024K, 2 young (2048K), 2 survivors (2048K)
 Metaspace       used 826K, committed 896K, reserved 393216K
  class space    used 65K, committed 128K, reserved 327680K
}
Event: 10.151 GC heap before
{Heap before GC invocations=1 (full 0):
 garbage-first heap   total 262144K, used 41501K [0x00000000e0000000, 0x0000000100000000)
  region size 1024K, 37 young (37888K), 2 survivors (2048K)
 Metaspace       used 4274K, committed 4480K, reserved 393216K
  class space    used 543K, committed 640K, reserved 327680K
}
Event: 10.157 GC heap after
{Heap after GC invocations=2 (full 0):
 garbage-first heap   total 262144K, used 11634K [0x00000000e0000000, 0x0000000100000000)
  region size 1024K, 5 young (5120K), 5 survivors (5120K)
 Metaspace       used 4274K, committed 4480K, reserved 393216K
  class space    used 543K, committed 640K, reserved 327680K
}
Event: 22.840 GC heap before
{Heap before GC invocations=2 (full 0):
 garbage-first heap   total 262144K, used 165234K [0x00000000e0000000, 0x0000000100000000)
  region size 1024K, 153 young (156672K), 5 survivors (5120K)
 Metaspace       used 17952K, committed 18240K, reserved 393216K
  class space    used 2575K, committed 2688K, reserved 327680K
}
Event: 22.849 GC heap after
{Heap after GC invocations=3 (full 0):
 garbage-first heap   total 262144K, used 22740K [0x00000000e0000000, 0x0000000100000000)
  region size 1024K, 15 young (15360K), 15 survivors (15360K)
 Metaspace       used 17952K, committed 18240K, reserved 393216K
  class space    used 2575K, committed 2688K, reserved 327680K
}
Event: 26.685 GC heap before
{Heap before GC invocations=3 (full 0):
 garbage-first heap   total 262144K, used 52436K [0x00000000e0000000, 0x0000000100000000)
  region size 1024K, 45 young (46080K), 15 survivors (15360K)
 Metaspace       used 21181K, committed 21504K, reserved 393216K
  class space    used 3092K, committed 3264K, reserved 327680K
}
Event: 26.690 GC heap after
{Heap after GC invocations=4 (full 0):
 garbage-first heap   total 262144K, used 24857K [0x00000000e0000000, 0x0000000100000000)
  region size 1024K, 13 young (13312K), 13 survivors (13312K)
 Metaspace       used 21181K, committed 21504K, reserved 393216K
  class space    used 3092K, committed 3264K, reserved 327680K
}

