# JRE version: Java(TM) SE Runtime Environment (17.0.10+11) (build 17.0.10+11-LTS-240)
# Java VM: Java HotSpot(TM) 64-Bit Server VM (17.0.10+11-LTS-240, mixed mode, sharing, tiered, compressed oops, compressed class ptrs, g1 gc, windows-amd64)
GC Precious Log:
 CPUs: 12 total, 12 available
 Memory: 16225M
 Large Page Support: Disabled
 NUMA Support: Disabled
 Compressed Oops: Enabled (32-bit)
 Heap Region Size: 1M
 Heap Min Capacity: 256M
 Heap Initial Capacity: 256M
 Heap Max Capacity: 512M
 Pre-touch: Disabled
 Parallel Workers: 10
 Concurrent Workers: 3
 Concurrent Refinement Workers: 10
 Periodic GC: Disabled
Heap:
 garbage-first heap   total 262144K, used 41236K [0x00000000e0000000, 0x0000000100000000)
  region size 1024K, 31 young (31744K), 13 survivors (13312K)
 Metaspace       used 22876K, committed 23232K, reserved 393216K
  class space    used 3372K, committed 3520K, reserved 327680K
GC Heap History (8 events):
Event: 0.145 GC heap before
{Heap before GC invocations=0 (full 0):
 garbage-first heap   total 262144K, used 23552K [0x00000000e0000000, 0x0000000100000000)
  region size 1024K, 23 young (23552K), 0 survivors (0K)
 Metaspace       used 834K, committed 960K, reserved 393216K
  class space    used 65K, committed 128K, reserved 327680K
}
Event: 0.146 GC heap after
{Heap after GC invocations=1 (full 0):
 garbage-first heap   total 262144K, used 1717K [0x00000000e0000000, 0x0000000100000000)
  region size 1024K, 2 young (2048K), 2 survivors (2048K)
 Metaspace       used 834K, committed 960K, reserved 393216K
  class space    used 65K, committed 128K, reserved 327680K
}
Event: 0.457 GC heap before
{Heap before GC invocations=1 (full 0):
 garbage-first heap   total 262144K, used 41653K [0x00000000e0000000, 0x0000000100000000)
  region size 1024K, 38 young (38912K), 2 survivors (2048K)
 Metaspace       used 4365K, committed 4544K, reserved 393216K
  class space    used 552K, committed 640K, reserved 327680K
}
Event: 0.459 GC heap after
{Heap after GC invocations=2 (full 0):
 garbage-first heap   total 262144K, used 10873K [0x00000000e0000000, 0x0000000100000000)
  region size 1024K, 5 young (5120K), 5 survivors (5120K)
 Metaspace       used 4365K, committed 4544K, reserved 393216K
  class space    used 552K, committed 640K, reserved 327680K
}
Event: 62.278 GC heap before
{Heap before GC invocations=2 (full 0):
 garbage-first heap   total 262144K, used 164473K [0x00000000e0000000, 0x0000000100000000)
  region size 1024K, 153 young (156672K), 5 survivors (5120K)
 Metaspace       used 17502K, committed 17792K, reserved 393216K
  class space    used 2466K, committed 2624K, reserved 327680K
}
Event: 64.463 GC heap after
{Heap after GC invocations=3 (full 0):
 garbage-first heap   total 262144K, used 21754K [0x00000000e0000000, 0x0000000100000000)
  region size 1024K, 15 young (15360K), 15 survivors (15360K)
 Metaspace       used 17502K, committed 17792K, reserved 393216K
  class space    used 2466K, committed 2624K, reserved 327680K
}
Event: 77.171 GC heap before
{Heap before GC invocations=3 (full 0):
 garbage-first heap   total 262144K, used 56570K [0x00000000e0000000, 0x0000000100000000)
  region size 1024K, 50 young (51200K), 15 survivors (15360K)
 Metaspace       used 21159K, committed 21504K, reserved 393216K
  class space    used 3073K, committed 3200K, reserved 327680K
}
Event: 77.177 GC heap after
{Heap after GC invocations=4 (full 0):
 garbage-first heap   total 262144K, used 24852K [0x00000000e0000000, 0x0000000100000000)
  region size 1024K, 13 young (13312K), 13 survivors (13312K)
 Metaspace       used 21159K, committed 21504K, reserved 393216K
  class space    used 3073K, committed 3200K, reserved 327680K
}

