# JRE version: Java(TM) SE Runtime Environment (17.0.10+11) (build 17.0.10+11-LTS-240)
# Java VM: Java HotSpot(TM) 64-Bit Server VM (17.0.10+11-LTS-240, mixed mode, sharing, tiered, compressed oops, compressed class ptrs, g1 gc, windows-amd64)
GC Precious Log:
 CPUs: 12 total, 12 available
 Memory: 16225M
 Large Page Support: Disabled
 NUMA Support: Disabled
 Compressed Oops: Enabled (32-bit)
 Heap Region Size: 1M
 Heap Min Capacity: 256M
 Heap Initial Capacity: 256M
 Heap Max Capacity: 512M
 Pre-touch: Disabled
 Parallel Workers: 10
 Concurrent Workers: 3
 Concurrent Refinement Workers: 10
 Periodic GC: Disabled
Heap:
 garbage-first heap   total 262144K, used 27612K [0x00000000e0000000, 0x0000000100000000)
  region size 1024K, 6 young (6144K), 2 survivors (2048K)
 Metaspace       used 21071K, committed 21440K, reserved 393216K
  class space    used 3051K, committed 3264K, reserved 327680K
GC Heap History (10 events):
Event: 2.522 GC heap before
{Heap before GC invocations=0 (full 0):
 garbage-first heap   total 262144K, used 23552K [0x00000000e0000000, 0x0000000100000000)
  region size 1024K, 23 young (23552K), 0 survivors (0K)
 Metaspace       used 824K, committed 896K, reserved 393216K
  class space    used 65K, committed 128K, reserved 327680K
}
Event: 4.895 GC heap after
{Heap after GC invocations=1 (full 0):
 garbage-first heap   total 262144K, used 1503K [0x00000000e0000000, 0x0000000100000000)
  region size 1024K, 2 young (2048K), 2 survivors (2048K)
 Metaspace       used 824K, committed 896K, reserved 393216K
  class space    used 65K, committed 128K, reserved 327680K
}
Event: 19.377 GC heap before
{Heap before GC invocations=1 (full 0):
 garbage-first heap   total 262144K, used 41439K [0x00000000e0000000, 0x0000000100000000)
  region size 1024K, 37 young (37888K), 2 survivors (2048K)
 Metaspace       used 4336K, committed 4544K, reserved 393216K
  class space    used 544K, committed 640K, reserved 327680K
}
Event: 19.380 GC heap after
{Heap after GC invocations=2 (full 0):
 garbage-first heap   total 262144K, used 11505K [0x00000000e0000000, 0x0000000100000000)
  region size 1024K, 5 young (5120K), 5 survivors (5120K)
 Metaspace       used 4336K, committed 4544K, reserved 393216K
  class space    used 544K, committed 640K, reserved 327680K
}
Event: 49.388 GC heap before
{Heap before GC invocations=2 (full 0):
 garbage-first heap   total 262144K, used 165105K [0x00000000e0000000, 0x0000000100000000)
  region size 1024K, 153 young (156672K), 5 survivors (5120K)
 Metaspace       used 18412K, committed 18688K, reserved 393216K
  class space    used 2638K, committed 2752K, reserved 327680K
}
Event: 50.766 GC heap after
{Heap after GC invocations=3 (full 0):
 garbage-first heap   total 262144K, used 23026K [0x00000000e0000000, 0x0000000100000000)
  region size 1024K, 16 young (16384K), 16 survivors (16384K)
 Metaspace       used 18412K, committed 18688K, reserved 393216K
  class space    used 2638K, committed 2752K, reserved 327680K
}
Event: 50.911 GC heap before
{Heap before GC invocations=3 (full 0):
 garbage-first heap   total 262144K, used 24050K [0x00000000e0000000, 0x0000000100000000)
  region size 1024K, 17 young (17408K), 16 survivors (16384K)
 Metaspace       used 18494K, committed 18752K, reserved 393216K
  class space    used 2650K, committed 2752K, reserved 327680K
}
Event: 51.157 GC heap after
{Heap after GC invocations=4 (full 0):
 garbage-first heap   total 262144K, used 24222K [0x00000000e0000000, 0x0000000100000000)
  region size 1024K, 2 young (2048K), 2 survivors (2048K)
 Metaspace       used 18494K, committed 18752K, reserved 393216K
  class space    used 2650K, committed 2752K, reserved 327680K
}
Event: 53.884 GC heap before
{Heap before GC invocations=4 (full 0):
 garbage-first heap   total 262144K, used 44702K [0x00000000e0000000, 0x0000000100000000)
  region size 1024K, 23 young (23552K), 2 survivors (2048K)
 Metaspace       used 20689K, committed 21120K, reserved 393216K
  class space    used 2994K, committed 3200K, reserved 327680K
}
Event: 53.903 GC heap after
{Heap after GC invocations=5 (full 0):
 garbage-first heap   total 262144K, used 24540K [0x00000000e0000000, 0x0000000100000000)
  region size 1024K, 2 young (2048K), 2 survivors (2048K)
 Metaspace       used 20689K, committed 21120K, reserved 393216K
  class space    used 2994K, committed 3200K, reserved 327680K
}

