# JRE version: Java(TM) SE Runtime Environment (17.0.10+11) (build 17.0.10+11-LTS-240)
# Java VM: Java HotSpot(TM) 64-Bit Server VM (17.0.10+11-LTS-240, mixed mode, sharing, tiered, compressed oops, compressed class ptrs, g1 gc, windows-amd64)
GC Precious Log:
 CPUs: 12 total, 12 available
 Memory: 16225M
 Large Page Support: Disabled
 NUMA Support: Disabled
 Compressed Oops: Enabled (32-bit)
 Heap Region Size: 1M
 Heap Min Capacity: 256M
 Heap Initial Capacity: 256M
 Heap Max Capacity: 512M
 Pre-touch: Disabled
 Parallel Workers: 10
 Concurrent Workers: 3
 Concurrent Refinement Workers: 10
 Periodic GC: Disabled
Heap:
 garbage-first heap   total 262144K, used 27922K [0x00000000e0000000, 0x0000000100000000)
  region size 1024K, 18 young (18432K), 12 survivors (12288K)
 Metaspace       used 20240K, committed 20608K, reserved 393216K
  class space    used 2984K, committed 3136K, reserved 327680K
GC Heap History (6 events):
Event: 0.713 GC heap before
{Heap before GC invocations=0 (full 0):
 garbage-first heap   total 262144K, used 26624K [0x00000000e0000000, 0x0000000100000000)
  region size 1024K, 23 young (23552K), 0 survivors (0K)
 Metaspace       used 2064K, committed 2240K, reserved 393216K
  class space    used 224K, committed 320K, reserved 327680K
}
Event: 0.718 GC heap after
{Heap after GC invocations=1 (full 0):
 garbage-first heap   total 262144K, used 10684K [0x00000000e0000000, 0x0000000100000000)
  region size 1024K, 3 young (3072K), 3 survivors (3072K)
 Metaspace       used 2064K, committed 2240K, reserved 393216K
  class space    used 224K, committed 320K, reserved 327680K
}
Event: 1.354 GC heap before
{Heap before GC invocations=1 (full 0):
 garbage-first heap   total 262144K, used 38332K [0x00000000e0000000, 0x0000000100000000)
  region size 1024K, 30 young (30720K), 3 survivors (3072K)
 Metaspace       used 4011K, committed 4160K, reserved 393216K
  class space    used 495K, committed 576K, reserved 327680K
}
Event: 1.357 GC heap after
{Heap after GC invocations=2 (full 0):
 garbage-first heap   total 262144K, used 11640K [0x00000000e0000000, 0x0000000100000000)
  region size 1024K, 1 young (1024K), 1 survivors (1024K)
 Metaspace       used 4011K, committed 4160K, reserved 393216K
  class space    used 495K, committed 576K, reserved 327680K
}
Event: 10.978 GC heap before
{Heap before GC invocations=2 (full 0):
 garbage-first heap   total 262144K, used 140664K [0x00000000e0000000, 0x0000000100000000)
  region size 1024K, 126 young (129024K), 1 survivors (1024K)
 Metaspace       used 19529K, committed 19776K, reserved 393216K
  class space    used 2872K, committed 3008K, reserved 327680K
}
Event: 12.499 GC heap after
{Heap after GC invocations=3 (full 0):
 garbage-first heap   total 262144K, used 22802K [0x00000000e0000000, 0x0000000100000000)
  region size 1024K, 12 young (12288K), 12 survivors (12288K)
 Metaspace       used 19529K, committed 19776K, reserved 393216K
  class space    used 2872K, committed 3008K, reserved 327680K
}

