# JRE version: Java(TM) SE Runtime Environment (17.0.10+11) (build 17.0.10+11-LTS-240)
# Java VM: Java HotSpot(TM) 64-Bit Server VM (17.0.10+11-LTS-240, mixed mode, sharing, tiered, compressed oops, compressed class ptrs, g1 gc, windows-amd64)
GC Precious Log:
 CPUs: 12 total, 12 available
 Memory: 16225M
 Large Page Support: Disabled
 NUMA Support: Disabled
 Compressed Oops: Enabled (32-bit)
 Heap Region Size: 1M
 Heap Min Capacity: 256M
 Heap Initial Capacity: 256M
 Heap Max Capacity: 512M
 Pre-touch: Disabled
 Parallel Workers: 10
 Concurrent Workers: 3
 Concurrent Refinement Workers: 10
 Periodic GC: Disabled
Heap:
 garbage-first heap   total 262144K, used 33562K [0x00000000e0000000, 0x0000000100000000)
  region size 1024K, 10 young (10240K), 1 survivors (1024K)
 Metaspace       used 21921K, committed 22272K, reserved 393216K
  class space    used 3213K, committed 3392K, reserved 327680K
GC Heap History (12 events):
Event: 1.702 GC heap before
{Heap before GC invocations=0 (full 0):
 garbage-first heap   total 262144K, used 23552K [0x00000000e0000000, 0x0000000100000000)
  region size 1024K, 23 young (23552K), 0 survivors (0K)
 Metaspace       used 844K, committed 960K, reserved 393216K
  class space    used 65K, committed 128K, reserved 327680K
}
Event: 2.920 GC heap after
{Heap after GC invocations=1 (full 0):
 garbage-first heap   total 262144K, used 1565K [0x00000000e0000000, 0x0000000100000000)
  region size 1024K, 2 young (2048K), 2 survivors (2048K)
 Metaspace       used 844K, committed 960K, reserved 393216K
  class space    used 65K, committed 128K, reserved 327680K
}
Event: 7.846 GC heap before
{Heap before GC invocations=1 (full 0):
 garbage-first heap   total 262144K, used 40477K [0x00000000e0000000, 0x0000000100000000)
  region size 1024K, 37 young (37888K), 2 survivors (2048K)
 Metaspace       used 4339K, committed 4544K, reserved 393216K
  class space    used 545K, committed 640K, reserved 327680K
}
Event: 7.849 GC heap after
{Heap after GC invocations=2 (full 0):
 garbage-first heap   total 262144K, used 12128K [0x00000000e0000000, 0x0000000100000000)
  region size 1024K, 5 young (5120K), 5 survivors (5120K)
 Metaspace       used 4339K, committed 4544K, reserved 393216K
  class space    used 545K, committed 640K, reserved 327680K
}
Event: 40.470 GC heap before
{Heap before GC invocations=2 (full 0):
 garbage-first heap   total 262144K, used 165728K [0x00000000e0000000, 0x0000000100000000)
  region size 1024K, 153 young (156672K), 5 survivors (5120K)
 Metaspace       used 17816K, committed 18112K, reserved 393216K
  class space    used 2532K, committed 2624K, reserved 327680K
}
Event: 41.219 GC heap after
{Heap after GC invocations=3 (full 0):
 garbage-first heap   total 262144K, used 23385K [0x00000000e0000000, 0x0000000100000000)
  region size 1024K, 15 young (15360K), 15 survivors (15360K)
 Metaspace       used 17816K, committed 18112K, reserved 393216K
  class space    used 2532K, committed 2624K, reserved 327680K
}
Event: 57.988 GC heap before
{Heap before GC invocations=3 (full 0):
 garbage-first heap   total 262144K, used 44889K [0x00000000e0000000, 0x0000000100000000)
  region size 1024K, 37 young (37888K), 15 survivors (15360K)
 Metaspace       used 19929K, committed 20288K, reserved 393216K
  class space    used 2871K, committed 3072K, reserved 327680K
}
Event: 58.705 GC heap after
{Heap after GC invocations=4 (full 0):
 garbage-first heap   total 262144K, used 25117K [0x00000000e0000000, 0x0000000100000000)
  region size 1024K, 2 young (2048K), 2 survivors (2048K)
 Metaspace       used 19929K, committed 20288K, reserved 393216K
  class space    used 2871K, committed 3072K, reserved 327680K
}
Event: 61.590 GC heap before
{Heap before GC invocations=4 (full 0):
 garbage-first heap   total 262144K, used 34333K [0x00000000e0000000, 0x0000000100000000)
  region size 1024K, 12 young (12288K), 2 survivors (2048K)
 Metaspace       used 21004K, committed 21376K, reserved 393216K
  class space    used 3033K, committed 3200K, reserved 327680K
}
Event: 61.634 GC heap after
{Heap after GC invocations=5 (full 0):
 garbage-first heap   total 262144K, used 25574K [0x00000000e0000000, 0x0000000100000000)
  region size 1024K, 1 young (1024K), 1 survivors (1024K)
 Metaspace       used 21004K, committed 21376K, reserved 393216K
  class space    used 3033K, committed 3200K, reserved 327680K
}
Event: 61.742 GC heap before
{Heap before GC invocations=5 (full 0):
 garbage-first heap   total 262144K, used 25574K [0x00000000e0000000, 0x0000000100000000)
  region size 1024K, 2 young (2048K), 1 survivors (1024K)
 Metaspace       used 21108K, committed 21504K, reserved 393216K
  class space    used 3052K, committed 3264K, reserved 327680K
}
Event: 61.919 GC heap after
{Heap after GC invocations=6 (full 0):
 garbage-first heap   total 262144K, used 25370K [0x00000000e0000000, 0x0000000100000000)
  region size 1024K, 1 young (1024K), 1 survivors (1024K)
 Metaspace       used 21108K, committed 21504K, reserved 393216K
  class space    used 3052K, committed 3264K, reserved 327680K
}

