# JRE version: Java(TM) SE Runtime Environment (17.0.10+11) (build 17.0.10+11-LTS-240)
# Java VM: Java HotSpot(TM) 64-Bit Server VM (17.0.10+11-LTS-240, mixed mode, sharing, tiered, compressed oops, compressed class ptrs, g1 gc, windows-amd64)
GC Precious Log:
 CPUs: 12 total, 12 available
 Memory: 16225M
 Large Page Support: Disabled
 NUMA Support: Disabled
 Compressed Oops: Enabled (32-bit)
 Heap Region Size: 1M
 Heap Min Capacity: 256M
 Heap Initial Capacity: 256M
 Heap Max Capacity: 512M
 Pre-touch: Disabled
 Parallel Workers: 10
 Concurrent Workers: 3
 Concurrent Refinement Workers: 10
 Periodic GC: Disabled
Heap:
 garbage-first heap   total 262144K, used 34071K [0x00000000e0000000, 0x0000000100000000)
  region size 1024K, 12 young (12288K), 2 survivors (2048K)
 Metaspace       used 22256K, committed 22592K, reserved 393216K
  class space    used 3276K, committed 3456K, reserved 327680K
GC Heap History (12 events):
Event: 0.587 GC heap before
{Heap before GC invocations=0 (full 0):
 garbage-first heap   total 262144K, used 23552K [0x00000000e0000000, 0x0000000100000000)
  region size 1024K, 23 young (23552K), 0 survivors (0K)
 Metaspace       used 849K, committed 960K, reserved 393216K
  class space    used 65K, committed 128K, reserved 327680K
}
Event: 1.250 GC heap after
{Heap after GC invocations=1 (full 0):
 garbage-first heap   total 262144K, used 1503K [0x00000000e0000000, 0x0000000100000000)
  region size 1024K, 2 young (2048K), 2 survivors (2048K)
 Metaspace       used 849K, committed 960K, reserved 393216K
  class space    used 65K, committed 128K, reserved 327680K
}
Event: 4.817 GC heap before
{Heap before GC invocations=1 (full 0):
 garbage-first heap   total 262144K, used 42463K [0x00000000e0000000, 0x0000000100000000)
  region size 1024K, 38 young (38912K), 2 survivors (2048K)
 Metaspace       used 4342K, committed 4544K, reserved 393216K
  class space    used 544K, committed 640K, reserved 327680K
}
Event: 4.820 GC heap after
{Heap after GC invocations=2 (full 0):
 garbage-first heap   total 262144K, used 11576K [0x00000000e0000000, 0x0000000100000000)
  region size 1024K, 5 young (5120K), 5 survivors (5120K)
 Metaspace       used 4342K, committed 4544K, reserved 393216K
  class space    used 544K, committed 640K, reserved 327680K
}
Event: 39.336 GC heap before
{Heap before GC invocations=2 (full 0):
 garbage-first heap   total 262144K, used 165176K [0x00000000e0000000, 0x0000000100000000)
  region size 1024K, 153 young (156672K), 5 survivors (5120K)
 Metaspace       used 17893K, committed 18176K, reserved 393216K
  class space    used 2543K, committed 2624K, reserved 327680K
}
Event: 41.143 GC heap after
{Heap after GC invocations=3 (full 0):
 garbage-first heap   total 262144K, used 22961K [0x00000000e0000000, 0x0000000100000000)
  region size 1024K, 16 young (16384K), 16 survivors (16384K)
 Metaspace       used 17893K, committed 18176K, reserved 393216K
  class space    used 2543K, committed 2624K, reserved 327680K
}
Event: 41.656 GC heap before
{Heap before GC invocations=3 (full 0):
 garbage-first heap   total 262144K, used 23985K [0x00000000e0000000, 0x0000000100000000)
  region size 1024K, 17 young (17408K), 16 survivors (16384K)
 Metaspace       used 18001K, committed 18304K, reserved 393216K
  class space    used 2564K, committed 2688K, reserved 327680K
}
Event: 41.902 GC heap after
{Heap after GC invocations=4 (full 0):
 garbage-first heap   total 262144K, used 24145K [0x00000000e0000000, 0x0000000100000000)
  region size 1024K, 2 young (2048K), 2 survivors (2048K)
 Metaspace       used 18001K, committed 18304K, reserved 393216K
  class space    used 2564K, committed 2688K, reserved 327680K
}
Event: 52.571 GC heap before
{Heap before GC invocations=4 (full 0):
 garbage-first heap   total 262144K, used 42577K [0x00000000e0000000, 0x0000000100000000)
  region size 1024K, 21 young (21504K), 2 survivors (2048K)
 Metaspace       used 19767K, committed 20096K, reserved 393216K
  class space    used 2847K, committed 3008K, reserved 327680K
}
Event: 52.736 GC heap after
{Heap after GC invocations=5 (full 0):
 garbage-first heap   total 262144K, used 24384K [0x00000000e0000000, 0x0000000100000000)
  region size 1024K, 2 young (2048K), 2 survivors (2048K)
 Metaspace       used 19767K, committed 20096K, reserved 393216K
  class space    used 2847K, committed 3008K, reserved 327680K
}
Event: 59.428 GC heap before
{Heap before GC invocations=5 (full 0):
 garbage-first heap   total 262144K, used 37696K [0x00000000e0000000, 0x0000000100000000)
  region size 1024K, 16 young (16384K), 2 survivors (2048K)
 Metaspace       used 21185K, committed 21504K, reserved 393216K
  class space    used 3075K, committed 3264K, reserved 327680K
}
Event: 59.796 GC heap after
{Heap after GC invocations=6 (full 0):
 garbage-first heap   total 262144K, used 24855K [0x00000000e0000000, 0x0000000100000000)
  region size 1024K, 2 young (2048K), 2 survivors (2048K)
 Metaspace       used 21185K, committed 21504K, reserved 393216K
  class space    used 3075K, committed 3264K, reserved 327680K
}

