# JRE version: Java(TM) SE Runtime Environment (17.0.10+11) (build 17.0.10+11-LTS-240)
# Java VM: Java HotSpot(TM) 64-Bit Server VM (17.0.10+11-LTS-240, mixed mode, sharing, tiered, compressed oops, compressed class ptrs, g1 gc, windows-amd64)
GC Precious Log:
 CPUs: 12 total, 12 available
 Memory: 16225M
 Large Page Support: Disabled
 NUMA Support: Disabled
 Compressed Oops: Enabled (32-bit)
 Heap Region Size: 1M
 Heap Min Capacity: 256M
 Heap Initial Capacity: 256M
 Heap Max Capacity: 512M
 Pre-touch: Disabled
 Parallel Workers: 10
 Concurrent Workers: 3
 Concurrent Refinement Workers: 10
 Periodic GC: Disabled
Heap:
 garbage-first heap   total 262144K, used 36213K [0x00000000e0000000, 0x0000000100000000)
  region size 1024K, 14 young (14336K), 2 survivors (2048K)
 Metaspace       used 22204K, committed 22592K, reserved 393216K
  class space    used 3270K, committed 3456K, reserved 327680K
GC Heap History (12 events):
Event: 3.872 GC heap before
{Heap before GC invocations=0 (full 0):
 garbage-first heap   total 262144K, used 23552K [0x00000000e0000000, 0x0000000100000000)
  region size 1024K, 23 young (23552K), 0 survivors (0K)
 Metaspace       used 837K, committed 960K, reserved 393216K
  class space    used 65K, committed 128K, reserved 327680K
}
Event: 5.577 GC heap after
{Heap after GC invocations=1 (full 0):
 garbage-first heap   total 262144K, used 1503K [0x00000000e0000000, 0x0000000100000000)
  region size 1024K, 2 young (2048K), 2 survivors (2048K)
 Metaspace       used 837K, committed 960K, reserved 393216K
  class space    used 65K, committed 128K, reserved 327680K
}
Event: 8.918 GC heap before
{Heap before GC invocations=1 (full 0):
 garbage-first heap   total 262144K, used 40415K [0x00000000e0000000, 0x0000000100000000)
  region size 1024K, 36 young (36864K), 2 survivors (2048K)
 Metaspace       used 4298K, committed 4480K, reserved 393216K
  class space    used 544K, committed 640K, reserved 327680K
}
Event: 8.977 GC heap after
{Heap after GC invocations=2 (full 0):
 garbage-first heap   total 262144K, used 11453K [0x00000000e0000000, 0x0000000100000000)
  region size 1024K, 5 young (5120K), 5 survivors (5120K)
 Metaspace       used 4298K, committed 4480K, reserved 393216K
  class space    used 544K, committed 640K, reserved 327680K
}
Event: 33.210 GC heap before
{Heap before GC invocations=2 (full 0):
 garbage-first heap   total 262144K, used 165053K [0x00000000e0000000, 0x0000000100000000)
  region size 1024K, 153 young (156672K), 5 survivors (5120K)
 Metaspace       used 17741K, committed 18048K, reserved 393216K
  class space    used 2534K, committed 2688K, reserved 327680K
}
Event: 34.762 GC heap after
{Heap after GC invocations=3 (full 0):
 garbage-first heap   total 262144K, used 23045K [0x00000000e0000000, 0x0000000100000000)
  region size 1024K, 16 young (16384K), 16 survivors (16384K)
 Metaspace       used 17741K, committed 18048K, reserved 393216K
  class space    used 2534K, committed 2688K, reserved 327680K
}
Event: 34.766 GC heap before
{Heap before GC invocations=3 (full 0):
 garbage-first heap   total 262144K, used 24069K [0x00000000e0000000, 0x0000000100000000)
  region size 1024K, 17 young (17408K), 16 survivors (16384K)
 Metaspace       used 17766K, committed 18048K, reserved 393216K
  class space    used 2534K, committed 2688K, reserved 327680K
}
Event: 35.004 GC heap after
{Heap after GC invocations=4 (full 0):
 garbage-first heap   total 262144K, used 23707K [0x00000000e0000000, 0x0000000100000000)
  region size 1024K, 1 young (1024K), 1 survivors (1024K)
 Metaspace       used 17766K, committed 18048K, reserved 393216K
  class space    used 2534K, committed 2688K, reserved 327680K
}
Event: 37.850 GC heap before
{Heap before GC invocations=4 (full 0):
 garbage-first heap   total 262144K, used 49307K [0x00000000e0000000, 0x0000000100000000)
  region size 1024K, 27 young (27648K), 1 survivors (1024K)
 Metaspace       used 20571K, committed 20928K, reserved 393216K
  class space    used 2982K, committed 3200K, reserved 327680K
}
Event: 37.949 GC heap after
{Heap after GC invocations=5 (full 0):
 garbage-first heap   total 262144K, used 24869K [0x00000000e0000000, 0x0000000100000000)
  region size 1024K, 2 young (2048K), 2 survivors (2048K)
 Metaspace       used 20571K, committed 20928K, reserved 393216K
  class space    used 2982K, committed 3200K, reserved 327680K
}
Event: 38.038 GC heap before
{Heap before GC invocations=5 (full 0):
 garbage-first heap   total 262144K, used 31013K [0x00000000e0000000, 0x0000000100000000)
  region size 1024K, 9 young (9216K), 2 survivors (2048K)
 Metaspace       used 21189K, committed 21504K, reserved 393216K
  class space    used 3082K, committed 3264K, reserved 327680K
}
Event: 38.195 GC heap after
{Heap after GC invocations=6 (full 0):
 garbage-first heap   total 262144K, used 24949K [0x00000000e0000000, 0x0000000100000000)
  region size 1024K, 2 young (2048K), 2 survivors (2048K)
 Metaspace       used 21189K, committed 21504K, reserved 393216K
  class space    used 3082K, committed 3264K, reserved 327680K
}

