# JRE version: Java(TM) SE Runtime Environment (17.0.10+11) (build 17.0.10+11-LTS-240)
# Java VM: Java HotSpot(TM) 64-Bit Server VM (17.0.10+11-LTS-240, mixed mode, sharing, tiered, compressed oops, compressed class ptrs, g1 gc, windows-amd64)
GC Precious Log:
 CPUs: 12 total, 12 available
 Memory: 16225M
 Large Page Support: Disabled
 NUMA Support: Disabled
 Compressed Oops: Enabled (32-bit)
 Heap Region Size: 1M
 Heap Min Capacity: 256M
 Heap Initial Capacity: 256M
 Heap Max Capacity: 512M
 Pre-touch: Disabled
 Parallel Workers: 10
 Concurrent Workers: 3
 Concurrent Refinement Workers: 10
 Periodic GC: Disabled
Heap:
 garbage-first heap   total 262144K, used 34993K [0x00000000e0000000, 0x0000000100000000)
  region size 1024K, 13 young (13312K), 2 survivors (2048K)
 Metaspace       used 22245K, committed 22592K, reserved 393216K
  class space    used 3290K, committed 3456K, reserved 327680K
GC Heap History (10 events):
Event: 1.873 GC heap before
{Heap before GC invocations=0 (full 0):
 garbage-first heap   total 262144K, used 23552K [0x00000000e0000000, 0x0000000100000000)
  region size 1024K, 23 young (23552K), 0 survivors (0K)
 Metaspace       used 808K, committed 896K, reserved 393216K
  class space    used 65K, committed 128K, reserved 327680K
}
Event: 2.885 GC heap after
{Heap after GC invocations=1 (full 0):
 garbage-first heap   total 262144K, used 1565K [0x00000000e0000000, 0x0000000100000000)
  region size 1024K, 2 young (2048K), 2 survivors (2048K)
 Metaspace       used 808K, committed 896K, reserved 393216K
  class space    used 65K, committed 128K, reserved 327680K
}
Event: 4.881 GC heap before
{Heap before GC invocations=1 (full 0):
 garbage-first heap   total 262144K, used 40477K [0x00000000e0000000, 0x0000000100000000)
  region size 1024K, 36 young (36864K), 2 survivors (2048K)
 Metaspace       used 4271K, committed 4480K, reserved 393216K
  class space    used 544K, committed 640K, reserved 327680K
}
Event: 4.884 GC heap after
{Heap after GC invocations=2 (full 0):
 garbage-first heap   total 262144K, used 11480K [0x00000000e0000000, 0x0000000100000000)
  region size 1024K, 5 young (5120K), 5 survivors (5120K)
 Metaspace       used 4271K, committed 4480K, reserved 393216K
  class space    used 544K, committed 640K, reserved 327680K
}
Event: 26.409 GC heap before
{Heap before GC invocations=2 (full 0):
 garbage-first heap   total 262144K, used 165080K [0x00000000e0000000, 0x0000000100000000)
  region size 1024K, 153 young (156672K), 5 survivors (5120K)
 Metaspace       used 17896K, committed 18176K, reserved 393216K
  class space    used 2567K, committed 2688K, reserved 327680K
}
Event: 27.755 GC heap after
{Heap after GC invocations=3 (full 0):
 garbage-first heap   total 262144K, used 22954K [0x00000000e0000000, 0x0000000100000000)
  region size 1024K, 16 young (16384K), 16 survivors (16384K)
 Metaspace       used 17896K, committed 18176K, reserved 393216K
  class space    used 2567K, committed 2688K, reserved 327680K
}
Event: 28.884 GC heap before
{Heap before GC invocations=3 (full 0):
 garbage-first heap   total 262144K, used 44458K [0x00000000e0000000, 0x0000000100000000)
  region size 1024K, 38 young (38912K), 16 survivors (16384K)
 Metaspace       used 20270K, committed 20608K, reserved 393216K
  class space    used 2944K, committed 3136K, reserved 327680K
}
Event: 29.210 GC heap after
{Heap after GC invocations=4 (full 0):
 garbage-first heap   total 262144K, used 24753K [0x00000000e0000000, 0x0000000100000000)
  region size 1024K, 2 young (2048K), 2 survivors (2048K)
 Metaspace       used 20270K, committed 20608K, reserved 393216K
  class space    used 2944K, committed 3136K, reserved 327680K
}
Event: 29.457 GC heap before
{Heap before GC invocations=4 (full 0):
 garbage-first heap   total 262144K, used 32945K [0x00000000e0000000, 0x0000000100000000)
  region size 1024K, 11 young (11264K), 2 survivors (2048K)
 Metaspace       used 21148K, committed 21504K, reserved 393216K
  class space    used 3088K, committed 3264K, reserved 327680K
}
Event: 29.459 GC heap after
{Heap after GC invocations=5 (full 0):
 garbage-first heap   total 262144K, used 24753K [0x00000000e0000000, 0x0000000100000000)
  region size 1024K, 2 young (2048K), 2 survivors (2048K)
 Metaspace       used 21148K, committed 21504K, reserved 393216K
  class space    used 3088K, committed 3264K, reserved 327680K
}

