# JRE version: Java(TM) SE Runtime Environment (17.0.10+11) (build 17.0.10+11-LTS-240)
# Java VM: Java HotSpot(TM) 64-Bit Server VM (17.0.10+11-LTS-240, mixed mode, sharing, tiered, compressed oops, compressed class ptrs, g1 gc, windows-amd64)
GC Precious Log:
 CPUs: 12 total, 12 available
 Memory: 16225M
 Large Page Support: Disabled
 NUMA Support: Disabled
 Compressed Oops: Enabled (32-bit)
 Heap Region Size: 1M
 Heap Min Capacity: 256M
 Heap Initial Capacity: 256M
 Heap Max Capacity: 512M
 Pre-touch: Disabled
 Parallel Workers: 10
 Concurrent Workers: 3
 Concurrent Refinement Workers: 10
 Periodic GC: Disabled
Heap:
 garbage-first heap   total 262144K, used 28326K [0x00000000e0000000, 0x0000000100000000)
  region size 1024K, 7 young (7168K), 2 survivors (2048K)
 Metaspace       used 20019K, committed 20352K, reserved 393216K
  class space    used 2892K, committed 3072K, reserved 327680K
GC Heap History (12 events):
Event: 0.502 GC heap before
{Heap before GC invocations=0 (full 0):
 garbage-first heap   total 262144K, used 23552K [0x00000000e0000000, 0x0000000100000000)
  region size 1024K, 23 young (23552K), 0 survivors (0K)
 Metaspace       used 834K, committed 960K, reserved 393216K
  class space    used 65K, committed 128K, reserved 327680K
}
Event: 1.366 GC heap after
{Heap after GC invocations=1 (full 0):
 garbage-first heap   total 262144K, used 1557K [0x00000000e0000000, 0x0000000100000000)
  region size 1024K, 2 young (2048K), 2 survivors (2048K)
 Metaspace       used 834K, committed 960K, reserved 393216K
  class space    used 65K, committed 128K, reserved 327680K
}
Event: 2.554 GC heap before
{Heap before GC invocations=1 (full 0):
 garbage-first heap   total 262144K, used 40469K [0x00000000e0000000, 0x0000000100000000)
  region size 1024K, 36 young (36864K), 2 survivors (2048K)
 Metaspace       used 4294K, committed 4480K, reserved 393216K
  class space    used 544K, committed 640K, reserved 327680K
}
Event: 2.557 GC heap after
{Heap after GC invocations=2 (full 0):
 garbage-first heap   total 262144K, used 11450K [0x00000000e0000000, 0x0000000100000000)
  region size 1024K, 5 young (5120K), 5 survivors (5120K)
 Metaspace       used 4294K, committed 4480K, reserved 393216K
  class space    used 544K, committed 640K, reserved 327680K
}
Event: 43.652 GC heap before
{Heap before GC invocations=2 (full 0):
 garbage-first heap   total 262144K, used 165050K [0x00000000e0000000, 0x0000000100000000)
  region size 1024K, 153 young (156672K), 5 survivors (5120K)
 Metaspace       used 17421K, committed 17664K, reserved 393216K
  class space    used 2463K, committed 2560K, reserved 327680K
}
Event: 48.394 GC heap after
{Heap after GC invocations=3 (full 0):
 garbage-first heap   total 262144K, used 22501K [0x00000000e0000000, 0x0000000100000000)
  region size 1024K, 15 young (15360K), 15 survivors (15360K)
 Metaspace       used 17421K, committed 17664K, reserved 393216K
  class space    used 2463K, committed 2560K, reserved 327680K
}
Event: 49.252 GC heap before
{Heap before GC invocations=3 (full 0):
 garbage-first heap   total 262144K, used 23525K [0x00000000e0000000, 0x0000000100000000)
  region size 1024K, 16 young (16384K), 15 survivors (15360K)
 Metaspace       used 17441K, committed 17664K, reserved 393216K
  class space    used 2467K, committed 2560K, reserved 327680K
}
Event: 50.317 GC heap after
{Heap after GC invocations=4 (full 0):
 garbage-first heap   total 262144K, used 24524K [0x00000000e0000000, 0x0000000100000000)
  region size 1024K, 2 young (2048K), 2 survivors (2048K)
 Metaspace       used 17441K, committed 17664K, reserved 393216K
  class space    used 2467K, committed 2560K, reserved 327680K
}
Event: 57.248 GC heap before
{Heap before GC invocations=4 (full 0):
 garbage-first heap   total 262144K, used 33740K [0x00000000e0000000, 0x0000000100000000)
  region size 1024K, 12 young (12288K), 2 survivors (2048K)
 Metaspace       used 18511K, committed 18816K, reserved 393216K
  class space    used 2652K, committed 2752K, reserved 327680K
}
Event: 57.317 GC heap after
{Heap after GC invocations=5 (full 0):
 garbage-first heap   total 262144K, used 23870K [0x00000000e0000000, 0x0000000100000000)
  region size 1024K, 1 young (1024K), 1 survivors (1024K)
 Metaspace       used 18511K, committed 18816K, reserved 393216K
  class space    used 2652K, committed 2752K, reserved 327680K
}
Event: 59.791 GC heap before
{Heap before GC invocations=5 (full 0):
 garbage-first heap   total 262144K, used 34110K [0x00000000e0000000, 0x0000000100000000)
  region size 1024K, 12 young (12288K), 1 survivors (1024K)
 Metaspace       used 19546K, committed 19904K, reserved 393216K
  class space    used 2817K, committed 3008K, reserved 327680K
}
Event: 59.854 GC heap after
{Heap after GC invocations=6 (full 0):
 garbage-first heap   total 262144K, used 24230K [0x00000000e0000000, 0x0000000100000000)
  region size 1024K, 2 young (2048K), 2 survivors (2048K)
 Metaspace       used 19546K, committed 19904K, reserved 393216K
  class space    used 2817K, committed 3008K, reserved 327680K
}

