# JRE version: Java(TM) SE Runtime Environment (17.0.10+11) (build 17.0.10+11-LTS-240)
# Java VM: Java HotSpot(TM) 64-Bit Server VM (17.0.10+11-LTS-240, mixed mode, sharing, tiered, compressed oops, compressed class ptrs, g1 gc, windows-amd64)
GC Precious Log:
 CPUs: 12 total, 12 available
 Memory: 16225M
 Large Page Support: Disabled
 NUMA Support: Disabled
 Compressed Oops: Enabled (32-bit)
 Heap Region Size: 1M
 Heap Min Capacity: 256M
 Heap Initial Capacity: 256M
 Heap Max Capacity: 512M
 Pre-touch: Disabled
 Parallel Workers: 10
 Concurrent Workers: 3
 Concurrent Refinement Workers: 10
 Periodic GC: Disabled
Heap:
 garbage-first heap   total 262144K, used 35379K [0x00000000e0000000, 0x0000000100000000)
  region size 1024K, 12 young (12288K), 2 survivors (2048K)
 Metaspace       used 21993K, committed 22400K, reserved 393216K
  class space    used 3237K, committed 3456K, reserved 327680K
GC Heap History (10 events):
Event: 2.412 GC heap before
{Heap before GC invocations=0 (full 0):
 garbage-first heap   total 262144K, used 23552K [0x00000000e0000000, 0x0000000100000000)
  region size 1024K, 23 young (23552K), 0 survivors (0K)
 Metaspace       used 824K, committed 896K, reserved 393216K
  class space    used 65K, committed 128K, reserved 327680K
}
Event: 3.040 GC heap after
{Heap after GC invocations=1 (full 0):
 garbage-first heap   total 262144K, used 1503K [0x00000000e0000000, 0x0000000100000000)
  region size 1024K, 2 young (2048K), 2 survivors (2048K)
 Metaspace       used 824K, committed 896K, reserved 393216K
  class space    used 65K, committed 128K, reserved 327680K
}
Event: 5.988 GC heap before
{Heap before GC invocations=1 (full 0):
 garbage-first heap   total 262144K, used 40415K [0x00000000e0000000, 0x0000000100000000)
  region size 1024K, 36 young (36864K), 2 survivors (2048K)
 Metaspace       used 4336K, committed 4544K, reserved 393216K
  class space    used 544K, committed 640K, reserved 327680K
}
Event: 5.992 GC heap after
{Heap after GC invocations=2 (full 0):
 garbage-first heap   total 262144K, used 11774K [0x00000000e0000000, 0x0000000100000000)
  region size 1024K, 5 young (5120K), 5 survivors (5120K)
 Metaspace       used 4336K, committed 4544K, reserved 393216K
  class space    used 544K, committed 640K, reserved 327680K
}
Event: 28.962 GC heap before
{Heap before GC invocations=2 (full 0):
 garbage-first heap   total 262144K, used 154110K [0x00000000e0000000, 0x0000000100000000)
  region size 1024K, 142 young (145408K), 5 survivors (5120K)
 Metaspace       used 16833K, committed 17088K, reserved 393216K
  class space    used 2366K, committed 2496K, reserved 327680K
}
Event: 29.051 GC heap after
{Heap after GC invocations=3 (full 0):
 garbage-first heap   total 262144K, used 22477K [0x00000000e0000000, 0x0000000100000000)
  region size 1024K, 15 young (15360K), 15 survivors (15360K)
 Metaspace       used 16833K, committed 17088K, reserved 393216K
  class space    used 2366K, committed 2496K, reserved 327680K
}
Event: 33.671 GC heap before
{Heap before GC invocations=3 (full 0):
 garbage-first heap   total 262144K, used 64461K [0x00000000e0000000, 0x0000000100000000)
  region size 1024K, 57 young (58368K), 15 survivors (15360K)
 Metaspace       used 21137K, committed 21504K, reserved 393216K
  class space    used 3075K, committed 3264K, reserved 327680K
}
Event: 34.458 GC heap after
{Heap after GC invocations=4 (full 0):
 garbage-first heap   total 262144K, used 25416K [0x00000000e0000000, 0x0000000100000000)
  region size 1024K, 13 young (13312K), 13 survivors (13312K)
 Metaspace       used 21137K, committed 21504K, reserved 393216K
  class space    used 3075K, committed 3264K, reserved 327680K
}
Event: 34.671 GC heap before
{Heap before GC invocations=5 (full 0):
 garbage-first heap   total 262144K, used 26440K [0x00000000e0000000, 0x0000000100000000)
  region size 1024K, 14 young (14336K), 13 survivors (13312K)
 Metaspace       used 21242K, committed 21632K, reserved 393216K
  class space    used 3095K, committed 3264K, reserved 327680K
}
Event: 34.855 GC heap after
{Heap after GC invocations=6 (full 0):
 garbage-first heap   total 262144K, used 26163K [0x00000000e0000000, 0x0000000100000000)
  region size 1024K, 2 young (2048K), 2 survivors (2048K)
 Metaspace       used 21242K, committed 21632K, reserved 393216K
  class space    used 3095K, committed 3264K, reserved 327680K
}

