# JRE version: Java(TM) SE Runtime Environment (17.0.10+11) (build 17.0.10+11-LTS-240)
# Java VM: Java HotSpot(TM) 64-Bit Server VM (17.0.10+11-LTS-240, mixed mode, sharing, tiered, compressed oops, compressed class ptrs, g1 gc, windows-amd64)
GC Precious Log:
 CPUs: 12 total, 12 available
 Memory: 16225M
 Large Page Support: Disabled
 NUMA Support: Disabled
 Compressed Oops: Enabled (32-bit)
 Heap Region Size: 1M
 Heap Min Capacity: 256M
 Heap Initial Capacity: 256M
 Heap Max Capacity: 512M
 Pre-touch: Disabled
 Parallel Workers: 10
 Concurrent Workers: 3
 Concurrent Refinement Workers: 10
 Periodic GC: Disabled
Heap:
 garbage-first heap   total 262144K, used 25505K [0x00000000e0000000, 0x0000000100000000)
  region size 1024K, 4 young (4096K), 2 survivors (2048K)
 Metaspace       used 19865K, committed 20224K, reserved 393216K
  class space    used 2873K, committed 3072K, reserved 327680K
GC Heap History (12 events):
Event: 0.633 GC heap before
{Heap before GC invocations=0 (full 0):
 garbage-first heap   total 262144K, used 23552K [0x00000000e0000000, 0x0000000100000000)
  region size 1024K, 23 young (23552K), 0 survivors (0K)
 Metaspace       used 802K, committed 896K, reserved 393216K
  class space    used 65K, committed 128K, reserved 327680K
}
Event: 1.394 GC heap after
{Heap after GC invocations=1 (full 0):
 garbage-first heap   total 262144K, used 1503K [0x00000000e0000000, 0x0000000100000000)
  region size 1024K, 2 young (2048K), 2 survivors (2048K)
 Metaspace       used 802K, committed 896K, reserved 393216K
  class space    used 65K, committed 128K, reserved 327680K
}
Event: 2.829 GC heap before
{Heap before GC invocations=1 (full 0):
 garbage-first heap   total 262144K, used 41439K [0x00000000e0000000, 0x0000000100000000)
  region size 1024K, 37 young (37888K), 2 survivors (2048K)
 Metaspace       used 4314K, committed 4544K, reserved 393216K
  class space    used 544K, committed 640K, reserved 327680K
}
Event: 2.832 GC heap after
{Heap after GC invocations=2 (full 0):
 garbage-first heap   total 262144K, used 11463K [0x00000000e0000000, 0x0000000100000000)
  region size 1024K, 5 young (5120K), 5 survivors (5120K)
 Metaspace       used 4314K, committed 4544K, reserved 393216K
  class space    used 544K, committed 640K, reserved 327680K
}
Event: 43.536 GC heap before
{Heap before GC invocations=2 (full 0):
 garbage-first heap   total 262144K, used 165063K [0x00000000e0000000, 0x0000000100000000)
  region size 1024K, 153 young (156672K), 5 survivors (5120K)
 Metaspace       used 17545K, committed 17792K, reserved 393216K
  class space    used 2499K, committed 2624K, reserved 327680K
}
Event: 46.786 GC heap after
{Heap after GC invocations=3 (full 0):
 garbage-first heap   total 262144K, used 22900K [0x00000000e0000000, 0x0000000100000000)
  region size 1024K, 16 young (16384K), 16 survivors (16384K)
 Metaspace       used 17545K, committed 17792K, reserved 393216K
  class space    used 2499K, committed 2624K, reserved 327680K
}
Event: 47.711 GC heap before
{Heap before GC invocations=3 (full 0):
 garbage-first heap   total 262144K, used 23924K [0x00000000e0000000, 0x0000000100000000)
  region size 1024K, 17 young (17408K), 16 survivors (16384K)
 Metaspace       used 17665K, committed 17920K, reserved 393216K
  class space    used 2520K, committed 2624K, reserved 327680K
}
Event: 48.417 GC heap after
{Heap after GC invocations=4 (full 0):
 garbage-first heap   total 262144K, used 24577K [0x00000000e0000000, 0x0000000100000000)
  region size 1024K, 2 young (2048K), 2 survivors (2048K)
 Metaspace       used 17665K, committed 17920K, reserved 393216K
  class space    used 2520K, committed 2624K, reserved 327680K
}
Event: 57.653 GC heap before
{Heap before GC invocations=4 (full 0):
 garbage-first heap   total 262144K, used 33793K [0x00000000e0000000, 0x0000000100000000)
  region size 1024K, 12 young (12288K), 2 survivors (2048K)
 Metaspace       used 18603K, committed 18944K, reserved 393216K
  class space    used 2674K, committed 2816K, reserved 327680K
}
Event: 57.725 GC heap after
{Heap after GC invocations=5 (full 0):
 garbage-first heap   total 262144K, used 24115K [0x00000000e0000000, 0x0000000100000000)
  region size 1024K, 1 young (1024K), 1 survivors (1024K)
 Metaspace       used 18603K, committed 18944K, reserved 393216K
  class space    used 2674K, committed 2816K, reserved 327680K
}
Event: 59.987 GC heap before
{Heap before GC invocations=5 (full 0):
 garbage-first heap   total 262144K, used 35379K [0x00000000e0000000, 0x0000000100000000)
  region size 1024K, 12 young (12288K), 1 survivors (1024K)
 Metaspace       used 19701K, committed 19968K, reserved 393216K
  class space    used 2850K, committed 3008K, reserved 327680K
}
Event: 60.010 GC heap after
{Heap after GC invocations=6 (full 0):
 garbage-first heap   total 262144K, used 24481K [0x00000000e0000000, 0x0000000100000000)
  region size 1024K, 2 young (2048K), 2 survivors (2048K)
 Metaspace       used 19701K, committed 19968K, reserved 393216K
  class space    used 2850K, committed 3008K, reserved 327680K
}

