# JRE version: Java(TM) SE Runtime Environment (17.0.10+11) (build 17.0.10+11-LTS-240)
# Java VM: Java HotSpot(TM) 64-Bit Server VM (17.0.10+11-LTS-240, mixed mode, sharing, tiered, compressed oops, compressed class ptrs, g1 gc, windows-amd64)
GC Precious Log:
 CPUs: 12 total, 12 available
 Memory: 16225M
 Large Page Support: Disabled
 NUMA Support: Disabled
 Compressed Oops: Enabled (32-bit)
 Heap Region Size: 1M
 Heap Min Capacity: 256M
 Heap Initial Capacity: 256M
 Heap Max Capacity: 512M
 Pre-touch: Disabled
 Parallel Workers: 10
 Concurrent Workers: 3
 Concurrent Refinement Workers: 10
 Periodic GC: Disabled
Heap:
 garbage-first heap   total 262144K, used 26777K [0x00000000e0000000, 0x0000000100000000)
  region size 1024K, 6 young (6144K), 2 survivors (2048K)
 Metaspace       used 20068K, committed 20352K, reserved 393216K
  class space    used 2900K, committed 3072K, reserved 327680K
GC Heap History (12 events):
Event: 0.620 GC heap before
{Heap before GC invocations=0 (full 0):
 garbage-first heap   total 262144K, used 23552K [0x00000000e0000000, 0x0000000100000000)
  region size 1024K, 23 young (23552K), 0 survivors (0K)
 Metaspace       used 819K, committed 896K, reserved 393216K
  class space    used 65K, committed 128K, reserved 327680K
}
Event: 1.329 GC heap after
{Heap after GC invocations=1 (full 0):
 garbage-first heap   total 262144K, used 1503K [0x00000000e0000000, 0x0000000100000000)
  region size 1024K, 2 young (2048K), 2 survivors (2048K)
 Metaspace       used 819K, committed 896K, reserved 393216K
  class space    used 65K, committed 128K, reserved 327680K
}
Event: 6.862 GC heap before
{Heap before GC invocations=1 (full 0):
 garbage-first heap   total 262144K, used 40415K [0x00000000e0000000, 0x0000000100000000)
  region size 1024K, 36 young (36864K), 2 survivors (2048K)
 Metaspace       used 4254K, committed 4480K, reserved 393216K
  class space    used 544K, committed 640K, reserved 327680K
}
Event: 6.866 GC heap after
{Heap after GC invocations=2 (full 0):
 garbage-first heap   total 262144K, used 11618K [0x00000000e0000000, 0x0000000100000000)
  region size 1024K, 5 young (5120K), 5 survivors (5120K)
 Metaspace       used 4254K, committed 4480K, reserved 393216K
  class space    used 544K, committed 640K, reserved 327680K
}
Event: 44.782 GC heap before
{Heap before GC invocations=2 (full 0):
 garbage-first heap   total 262144K, used 165218K [0x00000000e0000000, 0x0000000100000000)
  region size 1024K, 153 young (156672K), 5 survivors (5120K)
 Metaspace       used 17500K, committed 17728K, reserved 393216K
  class space    used 2474K, committed 2560K, reserved 327680K
}
Event: 49.540 GC heap after
{Heap after GC invocations=3 (full 0):
 garbage-first heap   total 262144K, used 22815K [0x00000000e0000000, 0x0000000100000000)
  region size 1024K, 15 young (15360K), 15 survivors (15360K)
 Metaspace       used 17500K, committed 17728K, reserved 393216K
  class space    used 2474K, committed 2560K, reserved 327680K
}
Event: 50.463 GC heap before
{Heap before GC invocations=3 (full 0):
 garbage-first heap   total 262144K, used 23839K [0x00000000e0000000, 0x0000000100000000)
  region size 1024K, 16 young (16384K), 15 survivors (15360K)
 Metaspace       used 17576K, committed 17856K, reserved 393216K
  class space    used 2490K, committed 2624K, reserved 327680K
}
Event: 51.471 GC heap after
{Heap after GC invocations=4 (full 0):
 garbage-first heap   total 262144K, used 23856K [0x00000000e0000000, 0x0000000100000000)
  region size 1024K, 2 young (2048K), 2 survivors (2048K)
 Metaspace       used 17576K, committed 17856K, reserved 393216K
  class space    used 2490K, committed 2624K, reserved 327680K
}
Event: 58.046 GC heap before
{Heap before GC invocations=4 (full 0):
 garbage-first heap   total 262144K, used 33072K [0x00000000e0000000, 0x0000000100000000)
  region size 1024K, 12 young (12288K), 2 survivors (2048K)
 Metaspace       used 18580K, committed 18880K, reserved 393216K
  class space    used 2660K, committed 2752K, reserved 327680K
}
Event: 58.106 GC heap after
{Heap after GC invocations=5 (full 0):
 garbage-first heap   total 262144K, used 23278K [0x00000000e0000000, 0x0000000100000000)
  region size 1024K, 1 young (1024K), 1 survivors (1024K)
 Metaspace       used 18580K, committed 18880K, reserved 393216K
  class space    used 2660K, committed 2752K, reserved 327680K
}
Event: 60.204 GC heap before
{Heap before GC invocations=5 (full 0):
 garbage-first heap   total 262144K, used 33518K [0x00000000e0000000, 0x0000000100000000)
  region size 1024K, 12 young (12288K), 1 survivors (1024K)
 Metaspace       used 19772K, committed 20096K, reserved 393216K
  class space    used 2852K, committed 3008K, reserved 327680K
}
Event: 60.284 GC heap after
{Heap after GC invocations=6 (full 0):
 garbage-first heap   total 262144K, used 23705K [0x00000000e0000000, 0x0000000100000000)
  region size 1024K, 2 young (2048K), 2 survivors (2048K)
 Metaspace       used 19772K, committed 20096K, reserved 393216K
  class space    used 2852K, committed 3008K, reserved 327680K
}

