# JRE version: Java(TM) SE Runtime Environment (17.0.10+11) (build 17.0.10+11-LTS-240)
# Java VM: Java HotSpot(TM) 64-Bit Server VM (17.0.10+11-LTS-240, mixed mode, sharing, tiered, compressed oops, compressed class ptrs, g1 gc, windows-amd64)
GC Precious Log:
 CPUs: 12 total, 12 available
 Memory: 16225M
 Large Page Support: Disabled
 NUMA Support: Disabled
 Compressed Oops: Enabled (32-bit)
 Heap Region Size: 1M
 Heap Min Capacity: 256M
 Heap Initial Capacity: 256M
 Heap Max Capacity: 512M
 Pre-touch: Disabled
 Parallel Workers: 10
 Concurrent Workers: 3
 Concurrent Refinement Workers: 10
 Periodic GC: Disabled
Heap:
 garbage-first heap   total 262144K, used 24638K [0x00000000e0000000, 0x0000000100000000)
  region size 1024K, 4 young (4096K), 2 survivors (2048K)
 Metaspace       used 19759K, committed 20032K, reserved 393216K
  class space    used 2850K, committed 3008K, reserved 327680K
GC Heap History (12 events):
Event: 0.371 GC heap before
{Heap before GC invocations=0 (full 0):
 garbage-first heap   total 262144K, used 23552K [0x00000000e0000000, 0x0000000100000000)
  region size 1024K, 23 young (23552K), 0 survivors (0K)
 Metaspace       used 832K, committed 960K, reserved 393216K
  class space    used 65K, committed 128K, reserved 327680K
}
Event: 0.467 GC heap after
{Heap after GC invocations=1 (full 0):
 garbage-first heap   total 262144K, used 1557K [0x00000000e0000000, 0x0000000100000000)
  region size 1024K, 2 young (2048K), 2 survivors (2048K)
 Metaspace       used 832K, committed 960K, reserved 393216K
  class space    used 65K, committed 128K, reserved 327680K
}
Event: 3.242 GC heap before
{Heap before GC invocations=1 (full 0):
 garbage-first heap   total 262144K, used 40469K [0x00000000e0000000, 0x0000000100000000)
  region size 1024K, 36 young (36864K), 2 survivors (2048K)
 Metaspace       used 4281K, committed 4480K, reserved 393216K
  class space    used 544K, committed 640K, reserved 327680K
}
Event: 3.245 GC heap after
{Heap after GC invocations=2 (full 0):
 garbage-first heap   total 262144K, used 11381K [0x00000000e0000000, 0x0000000100000000)
  region size 1024K, 5 young (5120K), 5 survivors (5120K)
 Metaspace       used 4281K, committed 4480K, reserved 393216K
  class space    used 544K, committed 640K, reserved 327680K
}
Event: 43.680 GC heap before
{Heap before GC invocations=2 (full 0):
 garbage-first heap   total 262144K, used 164981K [0x00000000e0000000, 0x0000000100000000)
  region size 1024K, 153 young (156672K), 5 survivors (5120K)
 Metaspace       used 17483K, committed 17728K, reserved 393216K
  class space    used 2477K, committed 2560K, reserved 327680K
}
Event: 49.148 GC heap after
{Heap after GC invocations=3 (full 0):
 garbage-first heap   total 262144K, used 22422K [0x00000000e0000000, 0x0000000100000000)
  region size 1024K, 15 young (15360K), 15 survivors (15360K)
 Metaspace       used 17483K, committed 17728K, reserved 393216K
  class space    used 2477K, committed 2560K, reserved 327680K
}
Event: 49.728 GC heap before
{Heap before GC invocations=3 (full 0):
 garbage-first heap   total 262144K, used 23446K [0x00000000e0000000, 0x0000000100000000)
  region size 1024K, 16 young (16384K), 15 survivors (15360K)
 Metaspace       used 17513K, committed 17792K, reserved 393216K
  class space    used 2481K, committed 2624K, reserved 327680K
}
Event: 50.406 GC heap after
{Heap after GC invocations=4 (full 0):
 garbage-first heap   total 262144K, used 23871K [0x00000000e0000000, 0x0000000100000000)
  region size 1024K, 2 young (2048K), 2 survivors (2048K)
 Metaspace       used 17513K, committed 17792K, reserved 393216K
  class space    used 2481K, committed 2624K, reserved 327680K
}
Event: 57.392 GC heap before
{Heap before GC invocations=4 (full 0):
 garbage-first heap   total 262144K, used 33087K [0x00000000e0000000, 0x0000000100000000)
  region size 1024K, 12 young (12288K), 2 survivors (2048K)
 Metaspace       used 18567K, committed 18816K, reserved 393216K
  class space    used 2661K, committed 2752K, reserved 327680K
}
Event: 57.471 GC heap after
{Heap after GC invocations=5 (full 0):
 garbage-first heap   total 262144K, used 23252K [0x00000000e0000000, 0x0000000100000000)
  region size 1024K, 1 young (1024K), 1 survivors (1024K)
 Metaspace       used 18567K, committed 18816K, reserved 393216K
  class space    used 2661K, committed 2752K, reserved 327680K
}
Event: 60.108 GC heap before
{Heap before GC invocations=5 (full 0):
 garbage-first heap   total 262144K, used 34516K [0x00000000e0000000, 0x0000000100000000)
  region size 1024K, 12 young (12288K), 1 survivors (1024K)
 Metaspace       used 19632K, committed 19968K, reserved 393216K
  class space    used 2829K, committed 3008K, reserved 327680K
}
Event: 60.161 GC heap after
{Heap after GC invocations=6 (full 0):
 garbage-first heap   total 262144K, used 23614K [0x00000000e0000000, 0x0000000100000000)
  region size 1024K, 2 young (2048K), 2 survivors (2048K)
 Metaspace       used 19632K, committed 19968K, reserved 393216K
  class space    used 2829K, committed 3008K, reserved 327680K
}

