# JRE version: Java(TM) SE Runtime Environment (17.0.10+11) (build 17.0.10+11-LTS-240)
# Java VM: Java HotSpot(TM) 64-Bit Server VM (17.0.10+11-LTS-240, mixed mode, sharing, tiered, compressed oops, compressed class ptrs, g1 gc, windows-amd64)
GC Precious Log:
 CPUs: 12 total, 12 available
 Memory: 16225M
 Large Page Support: Disabled
 NUMA Support: Disabled
 Compressed Oops: Enabled (32-bit)
 Heap Region Size: 1M
 Heap Min Capacity: 256M
 Heap Initial Capacity: 256M
 Heap Max Capacity: 512M
 Pre-touch: Disabled
 Parallel Workers: 10
 Concurrent Workers: 3
 Concurrent Refinement Workers: 10
 Periodic GC: Disabled
Heap:
 garbage-first heap   total 262144K, used 35616K [0x00000000e0000000, 0x0000000100000000)
  region size 1024K, 15 young (15360K), 1 survivors (1024K)
 Metaspace       used 19893K, committed 20288K, reserved 393216K
  class space    used 2869K, committed 3072K, reserved 327680K
GC Heap History (10 events):
Event: 1.247 GC heap before
{Heap before GC invocations=0 (full 0):
 garbage-first heap   total 262144K, used 23552K [0x00000000e0000000, 0x0000000100000000)
  region size 1024K, 23 young (23552K), 0 survivors (0K)
 Metaspace       used 813K, committed 896K, reserved 393216K
  class space    used 65K, committed 128K, reserved 327680K
}
Event: 2.035 GC heap after
{Heap after GC invocations=1 (full 0):
 garbage-first heap   total 262144K, used 1503K [0x00000000e0000000, 0x0000000100000000)
  region size 1024K, 2 young (2048K), 2 survivors (2048K)
 Metaspace       used 813K, committed 896K, reserved 393216K
  class space    used 65K, committed 128K, reserved 327680K
}
Event: 5.907 GC heap before
{Heap before GC invocations=1 (full 0):
 garbage-first heap   total 262144K, used 40415K [0x00000000e0000000, 0x0000000100000000)
  region size 1024K, 36 young (36864K), 2 survivors (2048K)
 Metaspace       used 4250K, committed 4480K, reserved 393216K
  class space    used 544K, committed 640K, reserved 327680K
}
Event: 5.911 GC heap after
{Heap after GC invocations=2 (full 0):
 garbage-first heap   total 262144K, used 11855K [0x00000000e0000000, 0x0000000100000000)
  region size 1024K, 5 young (5120K), 5 survivors (5120K)
 Metaspace       used 4250K, committed 4480K, reserved 393216K
  class space    used 544K, committed 640K, reserved 327680K
}
Event: 42.245 GC heap before
{Heap before GC invocations=2 (full 0):
 garbage-first heap   total 262144K, used 165455K [0x00000000e0000000, 0x0000000100000000)
  region size 1024K, 153 young (156672K), 5 survivors (5120K)
 Metaspace       used 17447K, committed 17664K, reserved 393216K
  class space    used 2477K, committed 2560K, reserved 327680K
}
Event: 44.602 GC heap after
{Heap after GC invocations=3 (full 0):
 garbage-first heap   total 262144K, used 22425K [0x00000000e0000000, 0x0000000100000000)
  region size 1024K, 15 young (15360K), 15 survivors (15360K)
 Metaspace       used 17447K, committed 17664K, reserved 393216K
  class space    used 2477K, committed 2560K, reserved 327680K
}
Event: 45.333 GC heap before
{Heap before GC invocations=3 (full 0):
 garbage-first heap   total 262144K, used 23449K [0x00000000e0000000, 0x0000000100000000)
  region size 1024K, 16 young (16384K), 15 survivors (15360K)
 Metaspace       used 17532K, committed 17792K, reserved 393216K
  class space    used 2492K, committed 2624K, reserved 327680K
}
Event: 45.852 GC heap after
{Heap after GC invocations=4 (full 0):
 garbage-first heap   total 262144K, used 23898K [0x00000000e0000000, 0x0000000100000000)
  region size 1024K, 2 young (2048K), 2 survivors (2048K)
 Metaspace       used 17532K, committed 17792K, reserved 393216K
  class space    used 2492K, committed 2624K, reserved 327680K
}
Event: 56.846 GC heap before
{Heap before GC invocations=4 (full 0):
 garbage-first heap   total 262144K, used 34138K [0x00000000e0000000, 0x0000000100000000)
  region size 1024K, 12 young (12288K), 2 survivors (2048K)
 Metaspace       used 18545K, committed 18816K, reserved 393216K
  class space    used 2660K, committed 2752K, reserved 327680K
}
Event: 56.920 GC heap after
{Heap after GC invocations=5 (full 0):
 garbage-first heap   total 262144K, used 23328K [0x00000000e0000000, 0x0000000100000000)
  region size 1024K, 1 young (1024K), 1 survivors (1024K)
 Metaspace       used 18545K, committed 18816K, reserved 393216K
  class space    used 2660K, committed 2752K, reserved 327680K
}

