# JRE version: Java(TM) SE Runtime Environment (17.0.10+11) (build 17.0.10+11-LTS-240)
# Java VM: Java HotSpot(TM) 64-Bit Server VM (17.0.10+11-LTS-240, mixed mode, sharing, tiered, compressed oops, compressed class ptrs, g1 gc, windows-amd64)
GC Precious Log:
 CPUs: 12 total, 12 available
 Memory: 16225M
 Large Page Support: Disabled
 NUMA Support: Disabled
 Compressed Oops: Enabled (32-bit)
 Heap Region Size: 1M
 Heap Min Capacity: 256M
 Heap Initial Capacity: 256M
 Heap Max Capacity: 512M
 Pre-touch: Disabled
 Parallel Workers: 10
 Concurrent Workers: 3
 Concurrent Refinement Workers: 10
 Periodic GC: Disabled
Heap:
 garbage-first heap   total 262144K, used 30040K [0x00000000e0000000, 0x0000000100000000)
  region size 1024K, 9 young (9216K), 2 survivors (2048K)
 Metaspace       used 20525K, committed 20800K, reserved 393216K
  class space    used 2965K, committed 3136K, reserved 327680K
GC Heap History (12 events):
Event: 0.792 GC heap before
{Heap before GC invocations=0 (full 0):
 garbage-first heap   total 262144K, used 23552K [0x00000000e0000000, 0x0000000100000000)
  region size 1024K, 23 young (23552K), 0 survivors (0K)
 Metaspace       used 837K, committed 960K, reserved 393216K
  class space    used 65K, committed 128K, reserved 327680K
}
Event: 1.421 GC heap after
{Heap after GC invocations=1 (full 0):
 garbage-first heap   total 262144K, used 1503K [0x00000000e0000000, 0x0000000100000000)
  region size 1024K, 2 young (2048K), 2 survivors (2048K)
 Metaspace       used 837K, committed 960K, reserved 393216K
  class space    used 65K, committed 128K, reserved 327680K
}
Event: 2.278 GC heap before
{Heap before GC invocations=1 (full 0):
 garbage-first heap   total 262144K, used 41439K [0x00000000e0000000, 0x0000000100000000)
  region size 1024K, 37 young (37888K), 2 survivors (2048K)
 Metaspace       used 4330K, committed 4544K, reserved 393216K
  class space    used 544K, committed 640K, reserved 327680K
}
Event: 2.281 GC heap after
{Heap after GC invocations=2 (full 0):
 garbage-first heap   total 262144K, used 11454K [0x00000000e0000000, 0x0000000100000000)
  region size 1024K, 5 young (5120K), 5 survivors (5120K)
 Metaspace       used 4330K, committed 4544K, reserved 393216K
  class space    used 544K, committed 640K, reserved 327680K
}
Event: 45.009 GC heap before
{Heap before GC invocations=2 (full 0):
 garbage-first heap   total 262144K, used 165054K [0x00000000e0000000, 0x0000000100000000)
  region size 1024K, 153 young (156672K), 5 survivors (5120K)
 Metaspace       used 17617K, committed 17920K, reserved 393216K
  class space    used 2498K, committed 2624K, reserved 327680K
}
Event: 49.763 GC heap after
{Heap after GC invocations=3 (full 0):
 garbage-first heap   total 262144K, used 22656K [0x00000000e0000000, 0x0000000100000000)
  region size 1024K, 15 young (15360K), 15 survivors (15360K)
 Metaspace       used 17617K, committed 17920K, reserved 393216K
  class space    used 2498K, committed 2624K, reserved 327680K
}
Event: 50.523 GC heap before
{Heap before GC invocations=3 (full 0):
 garbage-first heap   total 262144K, used 23680K [0x00000000e0000000, 0x0000000100000000)
  region size 1024K, 16 young (16384K), 15 survivors (15360K)
 Metaspace       used 17656K, committed 17920K, reserved 393216K
  class space    used 2502K, committed 2624K, reserved 327680K
}
Event: 51.626 GC heap after
{Heap after GC invocations=4 (full 0):
 garbage-first heap   total 262144K, used 24479K [0x00000000e0000000, 0x0000000100000000)
  region size 1024K, 2 young (2048K), 2 survivors (2048K)
 Metaspace       used 17656K, committed 17920K, reserved 393216K
  class space    used 2502K, committed 2624K, reserved 327680K
}
Event: 58.275 GC heap before
{Heap before GC invocations=4 (full 0):
 garbage-first heap   total 262144K, used 33695K [0x00000000e0000000, 0x0000000100000000)
  region size 1024K, 12 young (12288K), 2 survivors (2048K)
 Metaspace       used 18678K, committed 18944K, reserved 393216K
  class space    used 2672K, committed 2816K, reserved 327680K
}
Event: 58.387 GC heap after
{Heap after GC invocations=5 (full 0):
 garbage-first heap   total 262144K, used 23433K [0x00000000e0000000, 0x0000000100000000)
  region size 1024K, 1 young (1024K), 1 survivors (1024K)
 Metaspace       used 18678K, committed 18944K, reserved 393216K
  class space    used 2672K, committed 2816K, reserved 327680K
}
Event: 61.261 GC heap before
{Heap before GC invocations=5 (full 0):
 garbage-first heap   total 262144K, used 34697K [0x00000000e0000000, 0x0000000100000000)
  region size 1024K, 12 young (12288K), 1 survivors (1024K)
 Metaspace       used 19749K, committed 20096K, reserved 393216K
  class space    used 2847K, committed 3008K, reserved 327680K
}
Event: 61.359 GC heap after
{Heap after GC invocations=6 (full 0):
 garbage-first heap   total 262144K, used 23896K [0x00000000e0000000, 0x0000000100000000)
  region size 1024K, 2 young (2048K), 2 survivors (2048K)
 Metaspace       used 19749K, committed 20096K, reserved 393216K
  class space    used 2847K, committed 3008K, reserved 327680K
}

