# JRE version: Java(TM) SE Runtime Environment (17.0.10+11) (build 17.0.10+11-LTS-240)
# Java VM: Java HotSpot(TM) 64-Bit Server VM (17.0.10+11-LTS-240, mixed mode, sharing, tiered, compressed oops, compressed class ptrs, g1 gc, windows-amd64)
GC Precious Log:
 CPUs: 12 total, 12 available
 Memory: 16225M
 Large Page Support: Disabled
 NUMA Support: Disabled
 Compressed Oops: Enabled (32-bit)
 Heap Region Size: 1M
 Heap Min Capacity: 256M
 Heap Initial Capacity: 256M
 Heap Max Capacity: 512M
 Pre-touch: Disabled
 Parallel Workers: 10
 Concurrent Workers: 3
 Concurrent Refinement Workers: 10
 Periodic GC: Disabled
Heap:
 garbage-first heap   total 262144K, used 32424K [0x00000000e0000000, 0x0000000100000000)
  region size 1024K, 11 young (11264K), 2 survivors (2048K)
 Metaspace       used 20491K, committed 20800K, reserved 393216K
  class space    used 2966K, committed 3136K, reserved 327680K
GC Heap History (12 events):
Event: 0.400 GC heap before
{Heap before GC invocations=0 (full 0):
 garbage-first heap   total 262144K, used 23552K [0x00000000e0000000, 0x0000000100000000)
  region size 1024K, 23 young (23552K), 0 survivors (0K)
 Metaspace       used 840K, committed 960K, reserved 393216K
  class space    used 65K, committed 128K, reserved 327680K
}
Event: 1.051 GC heap after
{Heap after GC invocations=1 (full 0):
 garbage-first heap   total 262144K, used 1503K [0x00000000e0000000, 0x0000000100000000)
  region size 1024K, 2 young (2048K), 2 survivors (2048K)
 Metaspace       used 840K, committed 960K, reserved 393216K
  class space    used 65K, committed 128K, reserved 327680K
}
Event: 4.501 GC heap before
{Heap before GC invocations=1 (full 0):
 garbage-first heap   total 262144K, used 41439K [0x00000000e0000000, 0x0000000100000000)
  region size 1024K, 37 young (37888K), 2 survivors (2048K)
 Metaspace       used 4270K, committed 4480K, reserved 393216K
  class space    used 544K, committed 640K, reserved 327680K
}
Event: 4.514 GC heap after
{Heap after GC invocations=2 (full 0):
 garbage-first heap   total 262144K, used 11799K [0x00000000e0000000, 0x0000000100000000)
  region size 1024K, 5 young (5120K), 5 survivors (5120K)
 Metaspace       used 4270K, committed 4480K, reserved 393216K
  class space    used 544K, committed 640K, reserved 327680K
}
Event: 44.790 GC heap before
{Heap before GC invocations=2 (full 0):
 garbage-first heap   total 262144K, used 165399K [0x00000000e0000000, 0x0000000100000000)
  region size 1024K, 153 young (156672K), 5 survivors (5120K)
 Metaspace       used 17424K, committed 17728K, reserved 393216K
  class space    used 2464K, committed 2560K, reserved 327680K
}
Event: 48.849 GC heap after
{Heap after GC invocations=3 (full 0):
 garbage-first heap   total 262144K, used 23044K [0x00000000e0000000, 0x0000000100000000)
  region size 1024K, 15 young (15360K), 15 survivors (15360K)
 Metaspace       used 17424K, committed 17728K, reserved 393216K
  class space    used 2464K, committed 2560K, reserved 327680K
}
Event: 49.488 GC heap before
{Heap before GC invocations=3 (full 0):
 garbage-first heap   total 262144K, used 24068K [0x00000000e0000000, 0x0000000100000000)
  region size 1024K, 16 young (16384K), 15 survivors (15360K)
 Metaspace       used 17452K, committed 17728K, reserved 393216K
  class space    used 2469K, committed 2560K, reserved 327680K
}
Event: 50.541 GC heap after
{Heap after GC invocations=4 (full 0):
 garbage-first heap   total 262144K, used 24379K [0x00000000e0000000, 0x0000000100000000)
  region size 1024K, 2 young (2048K), 2 survivors (2048K)
 Metaspace       used 17452K, committed 17728K, reserved 393216K
  class space    used 2469K, committed 2560K, reserved 327680K
}
Event: 58.544 GC heap before
{Heap before GC invocations=4 (full 0):
 garbage-first heap   total 262144K, used 34619K [0x00000000e0000000, 0x0000000100000000)
  region size 1024K, 12 young (12288K), 2 survivors (2048K)
 Metaspace       used 18529K, committed 18816K, reserved 393216K
  class space    used 2654K, committed 2752K, reserved 327680K
}
Event: 58.654 GC heap after
{Heap after GC invocations=5 (full 0):
 garbage-first heap   total 262144K, used 23808K [0x00000000e0000000, 0x0000000100000000)
  region size 1024K, 1 young (1024K), 1 survivors (1024K)
 Metaspace       used 18529K, committed 18816K, reserved 393216K
  class space    used 2654K, committed 2752K, reserved 327680K
}
Event: 60.907 GC heap before
{Heap before GC invocations=5 (full 0):
 garbage-first heap   total 262144K, used 34048K [0x00000000e0000000, 0x0000000100000000)
  region size 1024K, 12 young (12288K), 1 survivors (1024K)
 Metaspace       used 19537K, committed 19904K, reserved 393216K
  class space    used 2818K, committed 3008K, reserved 327680K
}
Event: 60.960 GC heap after
{Heap after GC invocations=6 (full 0):
 garbage-first heap   total 262144K, used 24232K [0x00000000e0000000, 0x0000000100000000)
  region size 1024K, 2 young (2048K), 2 survivors (2048K)
 Metaspace       used 19537K, committed 19904K, reserved 393216K
  class space    used 2818K, committed 3008K, reserved 327680K
}

