# JRE version: Java(TM) SE Runtime Environment (17.0.10+11) (build 17.0.10+11-LTS-240)
# Java VM: Java HotSpot(TM) 64-Bit Server VM (17.0.10+11-LTS-240, mixed mode, sharing, tiered, compressed oops, compressed class ptrs, g1 gc, windows-amd64)
GC Precious Log:
 CPUs: 12 total, 12 available
 Memory: 16225M
 Large Page Support: Disabled
 NUMA Support: Disabled
 Compressed Oops: Enabled (32-bit)
 Heap Region Size: 1M
 Heap Min Capacity: 256M
 Heap Initial Capacity: 256M
 Heap Max Capacity: 512M
 Pre-touch: Disabled
 Parallel Workers: 10
 Concurrent Workers: 3
 Concurrent Refinement Workers: 10
 Periodic GC: Disabled
Heap:
 garbage-first heap   total 262144K, used 111204K [0x00000000e0000000, 0x0000000100000000)
  region size 1024K, 75 young (76800K), 13 survivors (13312K)
 Metaspace       used 27148K, committed 27584K, reserved 393216K
  class space    used 4055K, committed 4288K, reserved 327680K
GC Heap History (8 events):
Event: 9.646 GC heap before
{Heap before GC invocations=0 (full 0):
 garbage-first heap   total 262144K, used 23552K [0x00000000e0000000, 0x0000000100000000)
  region size 1024K, 23 young (23552K), 0 survivors (0K)
 Metaspace       used 761K, committed 832K, reserved 393216K
  class space    used 65K, committed 128K, reserved 327680K
}
Event: 12.631 GC heap after
{Heap after GC invocations=1 (full 0):
 garbage-first heap   total 262144K, used 1503K [0x00000000e0000000, 0x0000000100000000)
  region size 1024K, 2 young (2048K), 2 survivors (2048K)
 Metaspace       used 761K, committed 832K, reserved 393216K
  class space    used 65K, committed 128K, reserved 327680K
}
Event: 14.406 GC heap before
{Heap before GC invocations=1 (full 0):
 garbage-first heap   total 262144K, used 40415K [0x00000000e0000000, 0x0000000100000000)
  region size 1024K, 36 young (36864K), 2 survivors (2048K)
 Metaspace       used 4307K, committed 4480K, reserved 393216K
  class space    used 544K, committed 640K, reserved 327680K
}
Event: 14.412 GC heap after
{Heap after GC invocations=2 (full 0):
 garbage-first heap   total 262144K, used 11421K [0x00000000e0000000, 0x0000000100000000)
  region size 1024K, 5 young (5120K), 5 survivors (5120K)
 Metaspace       used 4307K, committed 4480K, reserved 393216K
  class space    used 544K, committed 640K, reserved 327680K
}
Event: 26.985 GC heap before
{Heap before GC invocations=2 (full 0):
 garbage-first heap   total 262144K, used 165021K [0x00000000e0000000, 0x0000000100000000)
  region size 1024K, 153 young (156672K), 5 survivors (5120K)
 Metaspace       used 17882K, committed 18176K, reserved 393216K
  class space    used 2558K, committed 2688K, reserved 327680K
}
Event: 26.992 GC heap after
{Heap after GC invocations=3 (full 0):
 garbage-first heap   total 262144K, used 22662K [0x00000000e0000000, 0x0000000100000000)
  region size 1024K, 15 young (15360K), 15 survivors (15360K)
 Metaspace       used 17882K, committed 18176K, reserved 393216K
  class space    used 2558K, committed 2688K, reserved 327680K
}
Event: 27.895 GC heap before
{Heap before GC invocations=3 (full 0):
 garbage-first heap   total 262144K, used 54406K [0x00000000e0000000, 0x0000000100000000)
  region size 1024K, 47 young (48128K), 15 survivors (15360K)
 Metaspace       used 21201K, committed 21504K, reserved 393216K
  class space    used 3090K, committed 3264K, reserved 327680K
}
Event: 27.901 GC heap after
{Heap after GC invocations=4 (full 0):
 garbage-first heap   total 262144K, used 25188K [0x00000000e0000000, 0x0000000100000000)
  region size 1024K, 13 young (13312K), 13 survivors (13312K)
 Metaspace       used 21201K, committed 21504K, reserved 393216K
  class space    used 3090K, committed 3264K, reserved 327680K
}

