# JRE version: Java(TM) SE Runtime Environment (17.0.10+11) (build 17.0.10+11-LTS-240)
# Java VM: Java HotSpot(TM) 64-Bit Server VM (17.0.10+11-LTS-240, mixed mode, sharing, tiered, compressed oops, compressed class ptrs, g1 gc, windows-amd64)
GC Precious Log:
 CPUs: 12 total, 12 available
 Memory: 16225M
 Large Page Support: Disabled
 NUMA Support: Disabled
 Compressed Oops: Enabled (32-bit)
 Heap Region Size: 1M
 Heap Min Capacity: 256M
 Heap Initial Capacity: 256M
 Heap Max Capacity: 512M
 Pre-touch: Disabled
 Parallel Workers: 10
 Concurrent Workers: 3
 Concurrent Refinement Workers: 10
 Periodic GC: Disabled
Heap:
 garbage-first heap   total 262144K, used 37441K [0x00000000e0000000, 0x0000000100000000)
  region size 1024K, 15 young (15360K), 2 survivors (2048K)
 Metaspace       used 22332K, committed 22656K, reserved 393216K
  class space    used 3291K, committed 3456K, reserved 327680K
GC Heap History (10 events):
Event: 0.666 GC heap before
{Heap before GC invocations=0 (full 0):
 garbage-first heap   total 262144K, used 22528K [0x00000000e0000000, 0x0000000100000000)
  region size 1024K, 23 young (23552K), 0 survivors (0K)
 Metaspace       used 844K, committed 960K, reserved 393216K
  class space    used 65K, committed 128K, reserved 327680K
}
Event: 0.826 GC heap after
{Heap after GC invocations=1 (full 0):
 garbage-first heap   total 262144K, used 1503K [0x00000000e0000000, 0x0000000100000000)
  region size 1024K, 2 young (2048K), 2 survivors (2048K)
 Metaspace       used 844K, committed 960K, reserved 393216K
  class space    used 65K, committed 128K, reserved 327680K
}
Event: 7.754 GC heap before
{Heap before GC invocations=1 (full 0):
 garbage-first heap   total 262144K, used 41439K [0x00000000e0000000, 0x0000000100000000)
  region size 1024K, 37 young (37888K), 2 survivors (2048K)
 Metaspace       used 4336K, committed 4544K, reserved 393216K
  class space    used 544K, committed 640K, reserved 327680K
}
Event: 7.758 GC heap after
{Heap after GC invocations=2 (full 0):
 garbage-first heap   total 262144K, used 11651K [0x00000000e0000000, 0x0000000100000000)
  region size 1024K, 5 young (5120K), 5 survivors (5120K)
 Metaspace       used 4336K, committed 4544K, reserved 393216K
  class space    used 544K, committed 640K, reserved 327680K
}
Event: 29.698 GC heap before
{Heap before GC invocations=2 (full 0):
 garbage-first heap   total 262144K, used 165251K [0x00000000e0000000, 0x0000000100000000)
  region size 1024K, 153 young (156672K), 5 survivors (5120K)
 Metaspace       used 17971K, committed 18240K, reserved 393216K
  class space    used 2576K, committed 2688K, reserved 327680K
}
Event: 30.412 GC heap after
{Heap after GC invocations=3 (full 0):
 garbage-first heap   total 262144K, used 23402K [0x00000000e0000000, 0x0000000100000000)
  region size 1024K, 16 young (16384K), 16 survivors (16384K)
 Metaspace       used 17971K, committed 18240K, reserved 393216K
  class space    used 2576K, committed 2688K, reserved 327680K
}
Event: 45.682 GC heap before
{Heap before GC invocations=3 (full 0):
 garbage-first heap   total 262144K, used 49002K [0x00000000e0000000, 0x0000000100000000)
  region size 1024K, 41 young (41984K), 16 survivors (16384K)
 Metaspace       used 20706K, committed 21120K, reserved 393216K
  class space    used 3000K, committed 3200K, reserved 327680K
}
Event: 46.117 GC heap after
{Heap after GC invocations=4 (full 0):
 garbage-first heap   total 262144K, used 25899K [0x00000000e0000000, 0x0000000100000000)
  region size 1024K, 3 young (3072K), 3 survivors (3072K)
 Metaspace       used 20706K, committed 21120K, reserved 393216K
  class space    used 3000K, committed 3200K, reserved 327680K
}
Event: 46.256 GC heap before
{Heap before GC invocations=4 (full 0):
 garbage-first heap   total 262144K, used 28971K [0x00000000e0000000, 0x0000000100000000)
  region size 1024K, 7 young (7168K), 3 survivors (3072K)
 Metaspace       used 21134K, committed 21504K, reserved 393216K
  class space    used 3068K, committed 3264K, reserved 327680K
}
Event: 46.430 GC heap after
{Heap after GC invocations=5 (full 0):
 garbage-first heap   total 262144K, used 25153K [0x00000000e0000000, 0x0000000100000000)
  region size 1024K, 2 young (2048K), 2 survivors (2048K)
 Metaspace       used 21134K, committed 21504K, reserved 393216K
  class space    used 3068K, committed 3264K, reserved 327680K
}

