# JRE version: Java(TM) SE Runtime Environment (17.0.10+11) (build 17.0.10+11-LTS-240)
# Java VM: Java HotSpot(TM) 64-Bit Server VM (17.0.10+11-LTS-240, mixed mode, sharing, tiered, compressed oops, compressed class ptrs, g1 gc, windows-amd64)
GC Precious Log:
 CPUs: 12 total, 12 available
 Memory: 16225M
 Large Page Support: Disabled
 NUMA Support: Disabled
 Compressed Oops: Enabled (32-bit)
 Heap Region Size: 1M
 Heap Min Capacity: 256M
 Heap Initial Capacity: 256M
 Heap Max Capacity: 512M
 Pre-touch: Disabled
 Parallel Workers: 10
 Concurrent Workers: 3
 Concurrent Refinement Workers: 10
 Periodic GC: Disabled
Heap:
 garbage-first heap   total 262144K, used 32107K [0x00000000e0000000, 0x0000000100000000)
  region size 1024K, 10 young (10240K), 2 survivors (2048K)
 Metaspace       used 22024K, committed 22336K, reserved 393216K
  class space    used 3230K, committed 3392K, reserved 327680K
GC Heap History (12 events):
Event: 1.225 GC heap before
{Heap before GC invocations=0 (full 0):
 garbage-first heap   total 262144K, used 23552K [0x00000000e0000000, 0x0000000100000000)
  region size 1024K, 23 young (23552K), 0 survivors (0K)
 Metaspace       used 846K, committed 960K, reserved 393216K
  class space    used 65K, committed 128K, reserved 327680K
}
Event: 1.995 GC heap after
{Heap after GC invocations=1 (full 0):
 garbage-first heap   total 262144K, used 1503K [0x00000000e0000000, 0x0000000100000000)
  region size 1024K, 2 young (2048K), 2 survivors (2048K)
 Metaspace       used 846K, committed 960K, reserved 393216K
  class space    used 65K, committed 128K, reserved 327680K
}
Event: 8.086 GC heap before
{Heap before GC invocations=1 (full 0):
 garbage-first heap   total 262144K, used 40415K [0x00000000e0000000, 0x0000000100000000)
  region size 1024K, 37 young (37888K), 2 survivors (2048K)
 Metaspace       used 4322K, committed 4544K, reserved 393216K
  class space    used 545K, committed 640K, reserved 327680K
}
Event: 8.090 GC heap after
{Heap after GC invocations=2 (full 0):
 garbage-first heap   total 262144K, used 11450K [0x00000000e0000000, 0x0000000100000000)
  region size 1024K, 5 young (5120K), 5 survivors (5120K)
 Metaspace       used 4322K, committed 4544K, reserved 393216K
  class space    used 545K, committed 640K, reserved 327680K
}
Event: 43.158 GC heap before
{Heap before GC invocations=2 (full 0):
 garbage-first heap   total 262144K, used 165050K [0x00000000e0000000, 0x0000000100000000)
  region size 1024K, 153 young (156672K), 5 survivors (5120K)
 Metaspace       used 18143K, committed 18368K, reserved 393216K
  class space    used 2592K, committed 2688K, reserved 327680K
}
Event: 44.978 GC heap after
{Heap after GC invocations=3 (full 0):
 garbage-first heap   total 262144K, used 23269K [0x00000000e0000000, 0x0000000100000000)
  region size 1024K, 16 young (16384K), 16 survivors (16384K)
 Metaspace       used 18143K, committed 18368K, reserved 393216K
  class space    used 2592K, committed 2688K, reserved 327680K
}
Event: 45.296 GC heap before
{Heap before GC invocations=3 (full 0):
 garbage-first heap   total 262144K, used 24293K [0x00000000e0000000, 0x0000000100000000)
  region size 1024K, 17 young (17408K), 16 survivors (16384K)
 Metaspace       used 18270K, committed 18560K, reserved 393216K
  class space    used 2606K, committed 2752K, reserved 327680K
}
Event: 45.572 GC heap after
{Heap after GC invocations=4 (full 0):
 garbage-first heap   total 262144K, used 24041K [0x00000000e0000000, 0x0000000100000000)
  region size 1024K, 1 young (1024K), 1 survivors (1024K)
 Metaspace       used 18270K, committed 18560K, reserved 393216K
  class space    used 2606K, committed 2752K, reserved 327680K
}
Event: 53.561 GC heap before
{Heap before GC invocations=4 (full 0):
 garbage-first heap   total 262144K, used 42473K [0x00000000e0000000, 0x0000000100000000)
  region size 1024K, 20 young (20480K), 1 survivors (1024K)
 Metaspace       used 20212K, committed 20544K, reserved 393216K
  class space    used 2924K, committed 3136K, reserved 327680K
}
Event: 53.635 GC heap after
{Heap after GC invocations=5 (full 0):
 garbage-first heap   total 262144K, used 24393K [0x00000000e0000000, 0x0000000100000000)
  region size 1024K, 2 young (2048K), 2 survivors (2048K)
 Metaspace       used 20212K, committed 20544K, reserved 393216K
  class space    used 2924K, committed 3136K, reserved 327680K
}
Event: 54.692 GC heap before
{Heap before GC invocations=5 (full 0):
 garbage-first heap   total 262144K, used 33609K [0x00000000e0000000, 0x0000000100000000)
  region size 1024K, 12 young (12288K), 2 survivors (2048K)
 Metaspace       used 21140K, committed 21504K, reserved 393216K
  class space    used 3057K, committed 3264K, reserved 327680K
}
Event: 54.854 GC heap after
{Heap after GC invocations=6 (full 0):
 garbage-first heap   total 262144K, used 24939K [0x00000000e0000000, 0x0000000100000000)
  region size 1024K, 2 young (2048K), 2 survivors (2048K)
 Metaspace       used 21140K, committed 21504K, reserved 393216K
  class space    used 3057K, committed 3264K, reserved 327680K
}

